2023-05-21 15:05:99 INFO  LoginPage :43 - Enter User Name : [[ChromeDriver: chrome on WINDOWS (be3f3ed8e9aeff66c211a29b391e7a87)] -> xpath: //input[@placeholder='Username']]
2023-05-21 15:05:253 INFO  LoginPage :49 - Enter password : [[ChromeDriver: chrome on WINDOWS (be3f3ed8e9aeff66c211a29b391e7a87)] -> xpath: //input[@placeholder='Password']]
2023-05-21 15:05:187 INFO  LoginPage :55 - Click on login Button
2023-05-21 15:05:481 INFO  DashBoardPage :42 - Verify Dashboard text : [[ChromeDriver: chrome on WINDOWS (be3f3ed8e9aeff66c211a29b391e7a87)] -> xpath: //a[@class='oxd-main-menu-item active']]
2023-05-21 15:05:415 INFO  LoginPage :44 - Enter User Name : [[ChromeDriver: chrome on WINDOWS (9721e605b0f877d1b2f966a52757559e)] -> xpath: //input[@placeholder='Username']]
2023-05-21 15:05:520 INFO  LoginPage :50 - Enter password : [[ChromeDriver: chrome on WINDOWS (9721e605b0f877d1b2f966a52757559e)] -> xpath: //input[@placeholder='Password']]
2023-05-21 15:05:578 INFO  LoginPage :56 - Click on login Button
2023-05-21 15:05:645 INFO  DashBoardPage :42 - Verify Dashboard text : [[ChromeDriver: chrome on WINDOWS (9721e605b0f877d1b2f966a52757559e)] -> xpath: //a[@class='oxd-main-menu-item active']]
2023-05-21 15:05:904 INFO  LoginPage :44 - Enter User Name : [[ChromeDriver: chrome on WINDOWS (c76392274b16ffb4591b66082fa1a847)] -> xpath: //input[@placeholder='Username']]
2023-05-21 15:05:02 INFO  LoginPage :50 - Enter password : [[ChromeDriver: chrome on WINDOWS (c76392274b16ffb4591b66082fa1a847)] -> xpath: //input[@placeholder='Password']]
2023-05-21 15:05:58 INFO  LoginPage :56 - Click on login Button
2023-05-21 15:05:900 INFO  LoginPage :44 - Enter User Name : [[ChromeDriver: chrome on WINDOWS (baea34bd28afe392da91b1d533264d14)] -> xpath: //input[@placeholder='Username']]
2023-05-21 15:05:980 INFO  LoginPage :50 - Enter password : [[ChromeDriver: chrome on WINDOWS (baea34bd28afe392da91b1d533264d14)] -> xpath: //input[@placeholder='Password']]
2023-05-21 15:05:56 INFO  LoginPage :56 - Click on login Button
2023-05-21 15:05:885 INFO  LoginPage :44 - Enter User Name : [[ChromeDriver: chrome on WINDOWS (ea657b0f433a739fce6306e26c0fdbfd)] -> xpath: //input[@placeholder='Username']]
2023-05-21 15:05:01 INFO  LoginPage :50 - Enter password : [[ChromeDriver: chrome on WINDOWS (ea657b0f433a739fce6306e26c0fdbfd)] -> xpath: //input[@placeholder='Password']]
2023-05-21 15:05:880 INFO  LoginPage :56 - Click on login Button
2023-05-21 15:05:188 INFO  LoginPage :44 - Enter User Name : [[ChromeDriver: chrome on WINDOWS (2116477fd01e51b221035c0d9e653d10)] -> xpath: //input[@placeholder='Username']]
2023-05-21 15:05:300 INFO  LoginPage :50 - Enter password : [[ChromeDriver: chrome on WINDOWS (2116477fd01e51b221035c0d9e653d10)] -> xpath: //input[@placeholder='Password']]
2023-05-21 15:05:174 INFO  LoginPage :56 - Click on login Button
2023-05-21 15:05:405 INFO  DashBoardPage :42 - Verify Dashboard text : [[ChromeDriver: chrome on WINDOWS (2116477fd01e51b221035c0d9e653d10)] -> xpath: //a[@class='oxd-main-menu-item active']]
2023-05-21 15:05:901 INFO  LoginPage :44 - Enter User Name : [[ChromeDriver: chrome on WINDOWS (11d024dbcfc3934eed2c6217e7678296)] -> xpath: //input[@placeholder='Username']]
2023-05-21 15:05:60 INFO  LoginPage :50 - Enter password : [[ChromeDriver: chrome on WINDOWS (11d024dbcfc3934eed2c6217e7678296)] -> xpath: //input[@placeholder='Password']]
2023-05-21 15:05:147 INFO  LoginPage :56 - Click on login Button
2023-05-21 15:05:99 INFO  LoginPage :44 - Enter User Name : [[ChromeDriver: chrome on WINDOWS (0ae797670157bb4abafedaeaa070fa0c)] -> xpath: //input[@placeholder='Username']]
2023-05-21 15:05:225 INFO  LoginPage :50 - Enter password : [[ChromeDriver: chrome on WINDOWS (0ae797670157bb4abafedaeaa070fa0c)] -> xpath: //input[@placeholder='Password']]
2023-05-21 15:05:314 INFO  LoginPage :56 - Click on login Button
2023-05-21 15:05:321 INFO  DashBoardPage :42 - Verify Dashboard text : [[ChromeDriver: chrome on WINDOWS (0ae797670157bb4abafedaeaa070fa0c)] -> xpath: //a[@class='oxd-main-menu-item active']]
2023-05-21 15:05:824 INFO  LoginPage :44 - Enter User Name : [[ChromeDriver: chrome on WINDOWS (f3d9dbf2c1c9785dc6ec9cdeb61f8500)] -> xpath: //input[@placeholder='Username']]
2023-05-21 15:05:957 INFO  LoginPage :50 - Enter password : [[ChromeDriver: chrome on WINDOWS (f3d9dbf2c1c9785dc6ec9cdeb61f8500)] -> xpath: //input[@placeholder='Password']]
2023-05-21 15:05:858 INFO  LoginPage :56 - Click on login Button
2023-05-21 15:05:462 INFO  LoginPage :44 - Enter User Name : [[ChromeDriver: chrome on WINDOWS (fbd3f7cb97514cbda56f8c440fbabc9b)] -> xpath: //input[@placeholder='Username']]
2023-05-21 15:05:587 INFO  LoginPage :50 - Enter password : [[ChromeDriver: chrome on WINDOWS (fbd3f7cb97514cbda56f8c440fbabc9b)] -> xpath: //input[@placeholder='Password']]
2023-05-21 15:05:425 INFO  LoginPage :56 - Click on login Button
2023-05-21 15:05:669 INFO  DashBoardPage :43 - Verify Dashboard text : [[ChromeDriver: chrome on WINDOWS (fbd3f7cb97514cbda56f8c440fbabc9b)] -> xpath: //a[@class='oxd-main-menu-item active']]
2023-05-21 15:05:772 INFO  LoginPage :44 - Enter User Name : [[ChromeDriver: chrome on WINDOWS (4d1bab90cb952d6539e8f232698e7abe)] -> xpath: //input[@placeholder='Username']]
2023-05-21 15:05:915 INFO  LoginPage :50 - Enter password : [[ChromeDriver: chrome on WINDOWS (4d1bab90cb952d6539e8f232698e7abe)] -> xpath: //input[@placeholder='Password']]
2023-05-21 15:05:995 INFO  LoginPage :56 - Click on login Button
2023-05-21 15:05:16 INFO  LoginPage :44 - Enter User Name : [[ChromeDriver: chrome on WINDOWS (d7385e15c667e5f3c4ce6c97cb95c5cd)] -> xpath: //input[@placeholder='Username']]
2023-05-21 15:05:122 INFO  LoginPage :50 - Enter password : [[ChromeDriver: chrome on WINDOWS (d7385e15c667e5f3c4ce6c97cb95c5cd)] -> xpath: //input[@placeholder='Password']]
2023-05-21 15:05:213 INFO  LoginPage :56 - Click on login Button
2023-05-21 15:05:985 INFO  LoginPage :44 - Enter User Name : [[ChromeDriver: chrome on WINDOWS (4d4fc999119b533a04a905cbbaf5b973)] -> xpath: //input[@placeholder='Username']]
2023-05-21 15:05:105 INFO  LoginPage :50 - Enter password : [[ChromeDriver: chrome on WINDOWS (4d4fc999119b533a04a905cbbaf5b973)] -> xpath: //input[@placeholder='Password']]
2023-05-21 15:05:179 INFO  LoginPage :56 - Click on login Button
2023-05-21 15:05:234 INFO  DashBoardPage :43 - Verify Dashboard text : [[ChromeDriver: chrome on WINDOWS (4d4fc999119b533a04a905cbbaf5b973)] -> xpath: //a[@class='oxd-main-menu-item active']]
2023-05-21 15:05:867 INFO  LoginPage :44 - Enter User Name : [[ChromeDriver: chrome on WINDOWS (b0df6769bfa41ba54d42a3750f0fd5af)] -> xpath: //input[@placeholder='Username']]
2023-05-21 15:05:05 INFO  LoginPage :50 - Enter password : [[ChromeDriver: chrome on WINDOWS (b0df6769bfa41ba54d42a3750f0fd5af)] -> xpath: //input[@placeholder='Password']]
2023-05-21 15:05:105 INFO  LoginPage :56 - Click on login Button
2023-05-21 15:05:670 INFO  LoginPage :44 - Enter User Name : [[ChromeDriver: chrome on WINDOWS (610732986ae734463d553ac9fcb121d8)] -> xpath: //input[@placeholder='Username']]
2023-05-21 15:05:828 INFO  LoginPage :50 - Enter password : [[ChromeDriver: chrome on WINDOWS (610732986ae734463d553ac9fcb121d8)] -> xpath: //input[@placeholder='Password']]
2023-05-21 15:05:915 INFO  LoginPage :56 - Click on login Button
2023-05-21 15:05:01 INFO  DashBoardPage :49 - Click on User Profile logo
2023-05-21 15:05:122 INFO  DashBoardPage :55 - Mouse hoover on Logout
2023-05-23 09:05:420 INFO  LoginPage :44 - Enter User Name : [[ChromeDriver: chrome on WINDOWS (5ab6cf7f70656d5a468a891c91960b5f)] -> xpath: //input[@placeholder='Username']]
2023-05-23 09:05:605 INFO  LoginPage :50 - Enter password : [[ChromeDriver: chrome on WINDOWS (5ab6cf7f70656d5a468a891c91960b5f)] -> xpath: //input[@placeholder='Password']]
2023-05-23 09:05:598 INFO  LoginPage :56 - Click on login Button
2023-05-23 09:05:739 INFO  LoginPage :44 - Enter User Name : [[ChromeDriver: chrome on WINDOWS (60acefb0a5591e606ff37aa04b301523)] -> xpath: //input[@placeholder='Username']]
2023-05-23 09:05:869 INFO  LoginPage :50 - Enter password : [[ChromeDriver: chrome on WINDOWS (60acefb0a5591e606ff37aa04b301523)] -> xpath: //input[@placeholder='Password']]
2023-05-23 09:05:992 INFO  LoginPage :56 - Click on login Button
2023-05-23 09:05:121 INFO  LoginPage :44 - Enter User Name : [[ChromeDriver: chrome on WINDOWS (3a32b85ac75b5f4877751b6f11143613)] -> xpath: //input[@placeholder='Username']]
2023-05-23 09:05:240 INFO  LoginPage :50 - Enter password : [[ChromeDriver: chrome on WINDOWS (3a32b85ac75b5f4877751b6f11143613)] -> xpath: //input[@placeholder='Password']]
2023-05-23 09:05:341 INFO  LoginPage :56 - Click on login Button
2023-05-23 09:05:277 INFO  LoginPage :44 - Enter User Name : [[ChromeDriver: chrome on WINDOWS (695ddabef51a594929cc81636bbaafd3)] -> xpath: //input[@placeholder='Username']]
2023-05-23 09:05:390 INFO  LoginPage :50 - Enter password : [[ChromeDriver: chrome on WINDOWS (695ddabef51a594929cc81636bbaafd3)] -> xpath: //input[@placeholder='Password']]
2023-05-23 09:05:419 INFO  LoginPage :56 - Click on login Button
2023-05-23 09:05:872 INFO  LoginPage :44 - Enter User Name : [[ChromeDriver: chrome on WINDOWS (57f1aee3f17cdd761f9238d761b15f1b)] -> xpath: //input[@placeholder='Username']]
2023-05-23 09:05:12 INFO  LoginPage :50 - Enter password : [[ChromeDriver: chrome on WINDOWS (57f1aee3f17cdd761f9238d761b15f1b)] -> xpath: //input[@placeholder='Password']]
2023-05-23 09:05:12 INFO  LoginPage :56 - Click on login Button
2023-05-23 09:05:296 INFO  DashBoardPage :43 - Verify Dashboard text : [[ChromeDriver: chrome on WINDOWS (57f1aee3f17cdd761f9238d761b15f1b)] -> xpath: //a[@class='oxd-main-menu-item active']]
2023-05-23 09:05:612 INFO  LoginPage :44 - Enter User Name : [[ChromeDriver: chrome on WINDOWS (85c9cfd8416ef05cee8c0d4eaef33ee3)] -> xpath: //input[@placeholder='Username']]
2023-05-23 09:05:720 INFO  LoginPage :50 - Enter password : [[ChromeDriver: chrome on WINDOWS (85c9cfd8416ef05cee8c0d4eaef33ee3)] -> xpath: //input[@placeholder='Password']]
2023-05-23 09:05:780 INFO  LoginPage :56 - Click on login Button
2023-05-23 09:05:167 INFO  LoginPage :44 - Enter User Name : [[ChromeDriver: chrome on WINDOWS (294e4b2c2e9ac354f44deb9509ddfa48)] -> xpath: //input[@placeholder='Username']]
2023-05-23 09:05:284 INFO  LoginPage :50 - Enter password : [[ChromeDriver: chrome on WINDOWS (294e4b2c2e9ac354f44deb9509ddfa48)] -> xpath: //input[@placeholder='Password']]
2023-05-23 09:05:216 INFO  LoginPage :56 - Click on login Button
2023-05-23 09:05:540 INFO  DashBoardPage :49 - Click on User Profile logo
2023-05-23 09:05:744 INFO  DashBoardPage :55 - Mouse hoover on Logout
2023-05-23 09:05:185 INFO  LoginPage :44 - Enter User Name : [[ChromeDriver: chrome on WINDOWS (3d4a03ff1f8e9ae6ab347c2dd4fba900)] -> xpath: //input[@placeholder='Username']]
2023-05-23 09:05:300 INFO  LoginPage :50 - Enter password : [[ChromeDriver: chrome on WINDOWS (3d4a03ff1f8e9ae6ab347c2dd4fba900)] -> xpath: //input[@placeholder='Password']]
2023-05-23 09:05:395 INFO  LoginPage :56 - Click on login Button
2023-05-23 09:05:961 INFO  LoginPage :44 - Enter User Name : [[ChromeDriver: chrome on WINDOWS (ff1a024f66875e75ee7a978f9962e75c)] -> xpath: //input[@placeholder='Username']]
2023-05-23 09:05:78 INFO  LoginPage :50 - Enter password : [[ChromeDriver: chrome on WINDOWS (ff1a024f66875e75ee7a978f9962e75c)] -> xpath: //input[@placeholder='Password']]
2023-05-23 09:05:155 INFO  LoginPage :56 - Click on login Button
2023-05-23 09:05:536 INFO  ViewSystemUserPage :26 - Click on Admin[[ChromeDriver: chrome on WINDOWS (ff1a024f66875e75ee7a978f9962e75c)] -> xpath: //a[@href='/web/index.php/admin/viewAdminModule']]
2023-05-23 09:05:298 INFO  ViewSystemUserPage :36 - Verify System User Text[[ChromeDriver: chrome on WINDOWS (ff1a024f66875e75ee7a978f9962e75c)] -> xpath: //h5[@class='oxd-text oxd-text--h5 oxd-table-filter-title']]
2023-05-23 09:05:384 INFO  AddUserPage :24 - Enter Username[[ChromeDriver: chrome on WINDOWS (ff1a024f66875e75ee7a978f9962e75c)] -> xpath: //div[@class='oxd-form-row']/div[1]/div[1]/div[1]/div[2]/input[1]]
2023-05-23 09:05:605 INFO  AddUserPage :38 - Select User Role[[ChromeDriver: chrome on WINDOWS (ff1a024f66875e75ee7a978f9962e75c)] -> xpath: //div[@class='oxd-grid-4 orangehrm-full-width-grid']/div[2]/div/div[2]/div/div/div[2]/i]
2023-05-23 09:05:725 INFO  AddUserPage :41 - Select Admin[[ChromeDriver: chrome on WINDOWS (ff1a024f66875e75ee7a978f9962e75c)] -> xpath: //*[@class='oxd-select-wrapper']//*[contains(text(),'Admin')]]
2023-05-23 09:05:850 INFO  AddUserPage :54 - Select Status[[ChromeDriver: chrome on WINDOWS (ff1a024f66875e75ee7a978f9962e75c)] -> xpath: //div[@class='oxd-form-row']/div/div[4]/div/div[2]/div/div]
2023-05-23 09:05:980 INFO  AddUserPage :57 - Select Disable[[ChromeDriver: chrome on WINDOWS (ff1a024f66875e75ee7a978f9962e75c)] -> xpath: //*[@class='oxd-select-wrapper']//*[contains(text(),'Disabled')]]
2023-05-23 09:05:71 INFO  AddUserPage :78 - Click on Search[[ChromeDriver: chrome on WINDOWS (ff1a024f66875e75ee7a978f9962e75c)] -> xpath: //button[@class='oxd-button oxd-button--medium oxd-button--secondary orangehrm-left-space']]
2023-05-23 09:05:368 INFO  AddUserPage :87 - Verify the Result List[[ChromeDriver: chrome on WINDOWS (ff1a024f66875e75ee7a978f9962e75c)] -> xpath: //div[@class='orangehrm-paper-container']/div[2]/div[1]/span[1]]
2023-05-23 09:05:892 INFO  LoginPage :44 - Enter User Name : [[ChromeDriver: chrome on WINDOWS (0707435ffb493fd31b9ac1d25f5c807a)] -> xpath: //input[@placeholder='Username']]
2023-05-23 09:05:50 INFO  LoginPage :50 - Enter password : [[ChromeDriver: chrome on WINDOWS (0707435ffb493fd31b9ac1d25f5c807a)] -> xpath: //input[@placeholder='Password']]
2023-05-23 09:05:966 INFO  LoginPage :56 - Click on login Button
2023-05-23 09:05:283 INFO  ViewSystemUserPage :26 - Click on Admin[[ChromeDriver: chrome on WINDOWS (0707435ffb493fd31b9ac1d25f5c807a)] -> xpath: //a[@href='/web/index.php/admin/viewAdminModule']]
2023-05-23 09:05:687 INFO  ViewSystemUserPage :36 - Verify System User Text[[ChromeDriver: chrome on WINDOWS (0707435ffb493fd31b9ac1d25f5c807a)] -> xpath: //h5[@class='oxd-text oxd-text--h5 oxd-table-filter-title']]
2023-05-23 09:05:736 INFO  AddUserPage :24 - Enter Username[[ChromeDriver: chrome on WINDOWS (0707435ffb493fd31b9ac1d25f5c807a)] -> xpath: //div[@class='oxd-form-row']/div[1]/div[1]/div[1]/div[2]/input[1]]
2023-05-23 09:05:843 INFO  AddUserPage :38 - Select User Role[[ChromeDriver: chrome on WINDOWS (0707435ffb493fd31b9ac1d25f5c807a)] -> xpath: //div[@class='oxd-grid-4 orangehrm-full-width-grid']/div[2]/div/div[2]/div/div/div[2]/i]
2023-05-23 09:05:924 INFO  AddUserPage :41 - Select Admin[[ChromeDriver: chrome on WINDOWS (0707435ffb493fd31b9ac1d25f5c807a)] -> xpath: //*[@class='oxd-select-wrapper']//*[contains(text(),'Admin')]]
2023-05-23 09:05:49 INFO  ViewSystemUserPage :84 - Enter Employee name[[ChromeDriver: chrome on WINDOWS (0707435ffb493fd31b9ac1d25f5c807a)] -> xpath: //input[@placeholder='Type for hints...']]
2023-05-23 09:05:217 INFO  ViewSystemUserPage :87 - Enter Employee name1[[ChromeDriver: chrome on WINDOWS (0707435ffb493fd31b9ac1d25f5c807a)] -> xpath: //*[@class='oxd-autocomplete-wrapper']//*[contains(text(),'Goutam  Ganesh')]]
2023-05-23 09:05:356 INFO  AddUserPage :54 - Select Status[[ChromeDriver: chrome on WINDOWS (0707435ffb493fd31b9ac1d25f5c807a)] -> xpath: //div[@class='oxd-form-row']/div/div[4]/div/div[2]/div/div]
2023-05-23 09:05:440 INFO  AddUserPage :57 - Select Disable[[ChromeDriver: chrome on WINDOWS (0707435ffb493fd31b9ac1d25f5c807a)] -> xpath: //*[@class='oxd-select-wrapper']//*[contains(text(),'Disabled')]]
2023-05-23 09:05:525 INFO  AddUserPage :78 - Click on Search[[ChromeDriver: chrome on WINDOWS (0707435ffb493fd31b9ac1d25f5c807a)] -> xpath: //button[@class='oxd-button oxd-button--medium oxd-button--secondary orangehrm-left-space']]
2023-05-23 09:05:845 INFO  AddUserPage :87 - Verify the Result List[[ChromeDriver: chrome on WINDOWS (0707435ffb493fd31b9ac1d25f5c807a)] -> xpath: //div[@class='orangehrm-paper-container']/div[2]/div[1]/span[1]]
2023-05-23 09:05:942 INFO  AddUserPage :96 - Click on CheckboxProxy element for: DefaultElementLocator 'By.xpath: //div[@class='oxd-table-card-cell-checkbox']//i[@class='oxd-icon bi-check oxd-checkbox-input-icon']'
2023-05-23 09:05:713 INFO  LoginPage :44 - Enter User Name : [[ChromeDriver: chrome on WINDOWS (35d2d19c7ddbcc824b1bd37adefe377d)] -> xpath: //input[@placeholder='Username']]
2023-05-23 09:05:883 INFO  LoginPage :50 - Enter password : [[ChromeDriver: chrome on WINDOWS (35d2d19c7ddbcc824b1bd37adefe377d)] -> xpath: //input[@placeholder='Password']]
2023-05-23 09:05:992 INFO  LoginPage :56 - Click on login Button
2023-05-23 09:05:139 INFO  ViewSystemUserPage :26 - Click on Admin[[ChromeDriver: chrome on WINDOWS (35d2d19c7ddbcc824b1bd37adefe377d)] -> xpath: //a[@href='/web/index.php/admin/viewAdminModule']]
2023-05-23 09:05:559 INFO  ViewSystemUserPage :36 - Verify System User Text[[ChromeDriver: chrome on WINDOWS (35d2d19c7ddbcc824b1bd37adefe377d)] -> xpath: //h5[@class='oxd-text oxd-text--h5 oxd-table-filter-title']]
2023-05-23 09:05:604 INFO  AddUserPage :24 - Enter Username[[ChromeDriver: chrome on WINDOWS (35d2d19c7ddbcc824b1bd37adefe377d)] -> xpath: //div[@class='oxd-form-row']/div[1]/div[1]/div[1]/div[2]/input[1]]
2023-05-23 09:05:705 INFO  AddUserPage :38 - Select User Role[[ChromeDriver: chrome on WINDOWS (35d2d19c7ddbcc824b1bd37adefe377d)] -> xpath: //div[@class='oxd-grid-4 orangehrm-full-width-grid']/div[2]/div/div[2]/div/div/div[2]/i]
2023-05-23 09:05:781 INFO  AddUserPage :41 - Select Admin[[ChromeDriver: chrome on WINDOWS (35d2d19c7ddbcc824b1bd37adefe377d)] -> xpath: //*[@class='oxd-select-wrapper']//*[contains(text(),'Admin')]]
2023-05-23 09:05:843 INFO  ViewSystemUserPage :84 - Enter Employee name[[ChromeDriver: chrome on WINDOWS (35d2d19c7ddbcc824b1bd37adefe377d)] -> xpath: //input[@placeholder='Type for hints...']]
2023-05-23 09:05:918 INFO  ViewSystemUserPage :87 - Enter Employee name1[[ChromeDriver: chrome on WINDOWS (35d2d19c7ddbcc824b1bd37adefe377d)] -> xpath: //*[@class='oxd-autocomplete-wrapper']//*[contains(text(),'Goutam  Ganesh')]]
2023-05-23 09:05:01 INFO  AddUserPage :54 - Select Status[[ChromeDriver: chrome on WINDOWS (35d2d19c7ddbcc824b1bd37adefe377d)] -> xpath: //div[@class='oxd-form-row']/div/div[4]/div/div[2]/div/div]
2023-05-23 09:05:94 INFO  AddUserPage :57 - Select Disable[[ChromeDriver: chrome on WINDOWS (35d2d19c7ddbcc824b1bd37adefe377d)] -> xpath: //*[@class='oxd-select-wrapper']//*[contains(text(),'Disabled')]]
2023-05-23 09:05:161 INFO  AddUserPage :78 - Click on Search[[ChromeDriver: chrome on WINDOWS (35d2d19c7ddbcc824b1bd37adefe377d)] -> xpath: //button[@class='oxd-button oxd-button--medium oxd-button--secondary orangehrm-left-space']]
2023-05-23 09:05:426 INFO  AddUserPage :149 - Verify The Text No Records Found[[ChromeDriver: chrome on WINDOWS (35d2d19c7ddbcc824b1bd37adefe377d)] -> xpath: //div[@class='orangehrm-horizontal-padding orangehrm-vertical-padding']]
2023-05-23 09:05:428 INFO  LoginPage :44 - Enter User Name : [[ChromeDriver: chrome on WINDOWS (17332f5b64009c5a1d626ef983e62006)] -> xpath: //input[@placeholder='Username']]
2023-05-23 09:05:554 INFO  LoginPage :50 - Enter password : [[ChromeDriver: chrome on WINDOWS (17332f5b64009c5a1d626ef983e62006)] -> xpath: //input[@placeholder='Password']]
2023-05-23 09:05:441 INFO  LoginPage :56 - Click on login Button
2023-05-23 09:05:717 INFO  DashBoardPage :43 - Verify Dashboard text : [[ChromeDriver: chrome on WINDOWS (17332f5b64009c5a1d626ef983e62006)] -> xpath: //a[@class='oxd-main-menu-item active']]
2023-05-23 09:05:97 INFO  LoginPage :44 - Enter User Name : [[ChromeDriver: chrome on WINDOWS (891bf7c00b21c2437fbe59ca7e5600b5)] -> xpath: //input[@placeholder='Username']]
2023-05-23 09:05:252 INFO  LoginPage :50 - Enter password : [[ChromeDriver: chrome on WINDOWS (891bf7c00b21c2437fbe59ca7e5600b5)] -> xpath: //input[@placeholder='Password']]
2023-05-23 09:05:337 INFO  LoginPage :56 - Click on login Button
2023-05-23 09:05:727 INFO  LoginPage :44 - Enter User Name : [[ChromeDriver: chrome on WINDOWS (d49c5ddb76f573182af7d14dc895201f)] -> xpath: //input[@placeholder='Username']]
2023-05-23 09:05:824 INFO  LoginPage :50 - Enter password : [[ChromeDriver: chrome on WINDOWS (d49c5ddb76f573182af7d14dc895201f)] -> xpath: //input[@placeholder='Password']]
2023-05-23 09:05:723 INFO  LoginPage :56 - Click on login Button
2023-05-23 09:05:31 INFO  DashBoardPage :49 - Click on User Profile logo
2023-05-23 09:05:935 INFO  DashBoardPage :55 - Mouse hoover on Logout
2023-05-23 09:05:727 INFO  LoginPage :44 - Enter User Name : [[ChromeDriver: chrome on WINDOWS (9ea8d28d3fc006309a251214eab6b70d)] -> xpath: //input[@placeholder='Username']]
2023-05-23 09:05:836 INFO  LoginPage :50 - Enter password : [[ChromeDriver: chrome on WINDOWS (9ea8d28d3fc006309a251214eab6b70d)] -> xpath: //input[@placeholder='Password']]
2023-05-23 09:05:829 INFO  LoginPage :56 - Click on login Button
2023-05-23 09:05:112 INFO  ViewSystemUserPage :26 - Click on Admin[[ChromeDriver: chrome on WINDOWS (9ea8d28d3fc006309a251214eab6b70d)] -> xpath: //a[@href='/web/index.php/admin/viewAdminModule']]
2023-05-23 09:05:555 INFO  ViewSystemUserPage :36 - Verify System User Text[[ChromeDriver: chrome on WINDOWS (9ea8d28d3fc006309a251214eab6b70d)] -> xpath: //h5[@class='oxd-text oxd-text--h5 oxd-table-filter-title']]
2023-05-23 09:05:598 INFO  ViewSystemUserPage :46 - Click on Add Button[[ChromeDriver: chrome on WINDOWS (9ea8d28d3fc006309a251214eab6b70d)] -> xpath: //button[@class='oxd-button oxd-button--medium oxd-button--secondary']]
2023-05-23 09:05:299 INFO  ViewSystemUserPage :55 - Verify Add User[[ChromeDriver: chrome on WINDOWS (9ea8d28d3fc006309a251214eab6b70d)] -> xpath: //h6[@class='oxd-text oxd-text--h6 orangehrm-main-title']]
2023-05-23 09:05:345 INFO  ViewSystemUserPage :68 - Select Admin [[ChromeDriver: chrome on WINDOWS (9ea8d28d3fc006309a251214eab6b70d)] -> xpath: //div[@class='oxd-form-row']/div[1]/div[1]/div[1]/div[2]/div[1]/div[1]/div[2]/i[1]]
2023-05-23 09:05:411 INFO  ViewSystemUserPage :71 - Click on Admin[[ChromeDriver: chrome on WINDOWS (9ea8d28d3fc006309a251214eab6b70d)] -> xpath: //*[@class='oxd-select-wrapper']//*[contains(text(),'Admin')]]
2023-05-23 09:05:549 INFO  ViewSystemUserPage :84 - Enter Employee name[[ChromeDriver: chrome on WINDOWS (9ea8d28d3fc006309a251214eab6b70d)] -> xpath: //input[@placeholder='Type for hints...']]
2023-05-23 09:05:703 INFO  ViewSystemUserPage :87 - Enter Employee name1[[ChromeDriver: chrome on WINDOWS (9ea8d28d3fc006309a251214eab6b70d)] -> xpath: //*[@class='oxd-autocomplete-wrapper']//*[contains(text(),'Goutam  Ganesh')]]
2023-05-23 09:05:791 INFO  ViewSystemUserPage :97 - Enter Username[[ChromeDriver: chrome on WINDOWS (9ea8d28d3fc006309a251214eab6b70d)] -> xpath: //div[@class='oxd-form-row']/div[1]/div[4]/div[1]/div[2]/input[1]]
2023-05-23 09:05:893 INFO  ViewSystemUserPage :114 - Select Status[[ChromeDriver: chrome on WINDOWS (9ea8d28d3fc006309a251214eab6b70d)] -> xpath: //body/div[@id='app']/div[1]/div[2]/div[2]/div[1]/div[1]/form[1]/div[1]/div[1]/div[3]/div[1]/div[2]/div[1]/div[1]]
2023-05-23 09:05:989 INFO  ViewSystemUserPage :117 - Select Disable[[ChromeDriver: chrome on WINDOWS (9ea8d28d3fc006309a251214eab6b70d)] -> css selector: body > div:nth-child(3) > div:nth-child(1) > div:nth-child(2) > div:nth-child(2) > div:nth-child(1) > div:nth-child(1) > form:nth-child(3) > div:nth-child(1) > div:nth-child(1) > div:nth-child(3) > div:nth-child(1) > div:nth-child(2) > div:nth-child(1) > div:nth-child(1) > div:nth-child(1)]
2023-05-23 09:05:122 INFO  ViewSystemUserPage :128 - Enter password[[ChromeDriver: chrome on WINDOWS (9ea8d28d3fc006309a251214eab6b70d)] -> xpath: //div[@class='orangehrm-card-container']/form[1]/div[2]/div[1]/div[1]/div[1]/div[2]/input[1]]
2023-05-23 09:05:313 INFO  ViewSystemUserPage :140 - Enter confirm password[[ChromeDriver: chrome on WINDOWS (9ea8d28d3fc006309a251214eab6b70d)] -> xpath: //div[@class='orangehrm-card-container']/form[1]/div[2]/div[1]/div[2]/div[1]/div[2]/input[1]]
2023-05-23 09:05:482 INFO  ViewSystemUserPage :150 - Click on Save button[[ChromeDriver: chrome on WINDOWS (9ea8d28d3fc006309a251214eab6b70d)] -> xpath: //button[@class='oxd-button oxd-button--medium oxd-button--secondary orangehrm-left-space']]
2023-05-23 09:05:320 INFO  LoginPage :44 - Enter User Name : [[ChromeDriver: chrome on WINDOWS (6edb31bc408da8c72118e5cf9a38e12f)] -> xpath: //input[@placeholder='Username']]
2023-05-23 09:05:426 INFO  LoginPage :50 - Enter password : [[ChromeDriver: chrome on WINDOWS (6edb31bc408da8c72118e5cf9a38e12f)] -> xpath: //input[@placeholder='Password']]
2023-05-23 09:05:510 INFO  LoginPage :56 - Click on login Button
2023-05-23 09:05:623 INFO  ViewSystemUserPage :26 - Click on Admin[[ChromeDriver: chrome on WINDOWS (6edb31bc408da8c72118e5cf9a38e12f)] -> xpath: //a[@href='/web/index.php/admin/viewAdminModule']]
2023-05-23 09:05:267 INFO  ViewSystemUserPage :36 - Verify System User Text[[ChromeDriver: chrome on WINDOWS (6edb31bc408da8c72118e5cf9a38e12f)] -> xpath: //h5[@class='oxd-text oxd-text--h5 oxd-table-filter-title']]
2023-05-23 09:05:326 INFO  AddUserPage :24 - Enter Username[[ChromeDriver: chrome on WINDOWS (6edb31bc408da8c72118e5cf9a38e12f)] -> xpath: //div[@class='oxd-form-row']/div[1]/div[1]/div[1]/div[2]/input[1]]
2023-05-23 09:05:436 INFO  AddUserPage :38 - Select User Role[[ChromeDriver: chrome on WINDOWS (6edb31bc408da8c72118e5cf9a38e12f)] -> xpath: //div[@class='oxd-grid-4 orangehrm-full-width-grid']/div[2]/div/div[2]/div/div/div[2]/i]
2023-05-23 09:05:614 INFO  AddUserPage :41 - Select Admin[[ChromeDriver: chrome on WINDOWS (6edb31bc408da8c72118e5cf9a38e12f)] -> xpath: //*[@class='oxd-select-wrapper']//*[contains(text(),'Admin')]]
2023-05-23 09:05:750 INFO  AddUserPage :54 - Select Status[[ChromeDriver: chrome on WINDOWS (6edb31bc408da8c72118e5cf9a38e12f)] -> xpath: //div[@class='oxd-form-row']/div/div[4]/div/div[2]/div/div]
2023-05-23 09:05:863 INFO  AddUserPage :57 - Select Disable[[ChromeDriver: chrome on WINDOWS (6edb31bc408da8c72118e5cf9a38e12f)] -> xpath: //*[@class='oxd-select-wrapper']//*[contains(text(),'Disabled')]]
2023-05-23 09:05:999 INFO  AddUserPage :78 - Click on Search[[ChromeDriver: chrome on WINDOWS (6edb31bc408da8c72118e5cf9a38e12f)] -> xpath: //button[@class='oxd-button oxd-button--medium oxd-button--secondary orangehrm-left-space']]
2023-05-23 09:05:345 INFO  AddUserPage :87 - Verify the Result List[[ChromeDriver: chrome on WINDOWS (6edb31bc408da8c72118e5cf9a38e12f)] -> xpath: //div[@class='orangehrm-paper-container']/div[2]/div[1]/span[1]]
2023-05-23 09:05:644 INFO  LoginPage :44 - Enter User Name : [[ChromeDriver: chrome on WINDOWS (f27e0ac1844aa57d146a4f4db0a3add0)] -> xpath: //input[@placeholder='Username']]
2023-05-23 09:05:753 INFO  LoginPage :50 - Enter password : [[ChromeDriver: chrome on WINDOWS (f27e0ac1844aa57d146a4f4db0a3add0)] -> xpath: //input[@placeholder='Password']]
2023-05-23 09:05:838 INFO  LoginPage :56 - Click on login Button
2023-05-23 09:05:948 INFO  ViewSystemUserPage :26 - Click on Admin[[ChromeDriver: chrome on WINDOWS (f27e0ac1844aa57d146a4f4db0a3add0)] -> xpath: //a[@href='/web/index.php/admin/viewAdminModule']]
2023-05-23 09:05:397 INFO  ViewSystemUserPage :36 - Verify System User Text[[ChromeDriver: chrome on WINDOWS (f27e0ac1844aa57d146a4f4db0a3add0)] -> xpath: //h5[@class='oxd-text oxd-text--h5 oxd-table-filter-title']]
2023-05-23 09:05:460 INFO  AddUserPage :24 - Enter Username[[ChromeDriver: chrome on WINDOWS (f27e0ac1844aa57d146a4f4db0a3add0)] -> xpath: //div[@class='oxd-form-row']/div[1]/div[1]/div[1]/div[2]/input[1]]
2023-05-23 09:05:571 INFO  AddUserPage :38 - Select User Role[[ChromeDriver: chrome on WINDOWS (f27e0ac1844aa57d146a4f4db0a3add0)] -> xpath: //div[@class='oxd-grid-4 orangehrm-full-width-grid']/div[2]/div/div[2]/div/div/div[2]/i]
2023-05-23 09:05:651 INFO  AddUserPage :41 - Select Admin[[ChromeDriver: chrome on WINDOWS (f27e0ac1844aa57d146a4f4db0a3add0)] -> xpath: //*[@class='oxd-select-wrapper']//*[contains(text(),'Admin')]]
2023-05-23 09:05:770 INFO  ViewSystemUserPage :84 - Enter Employee name[[ChromeDriver: chrome on WINDOWS (f27e0ac1844aa57d146a4f4db0a3add0)] -> xpath: //input[@placeholder='Type for hints...']]
2023-05-23 09:05:925 INFO  ViewSystemUserPage :87 - Enter Employee name1[[ChromeDriver: chrome on WINDOWS (f27e0ac1844aa57d146a4f4db0a3add0)] -> xpath: //*[@class='oxd-autocomplete-wrapper']//*[contains(text(),'Goutam  Ganesh')]]
2023-05-23 09:05:60 INFO  AddUserPage :54 - Select Status[[ChromeDriver: chrome on WINDOWS (f27e0ac1844aa57d146a4f4db0a3add0)] -> xpath: //div[@class='oxd-form-row']/div/div[4]/div/div[2]/div/div]
2023-05-23 09:05:164 INFO  AddUserPage :57 - Select Disable[[ChromeDriver: chrome on WINDOWS (f27e0ac1844aa57d146a4f4db0a3add0)] -> xpath: //*[@class='oxd-select-wrapper']//*[contains(text(),'Disabled')]]
2023-05-23 09:05:221 INFO  AddUserPage :78 - Click on Search[[ChromeDriver: chrome on WINDOWS (f27e0ac1844aa57d146a4f4db0a3add0)] -> xpath: //button[@class='oxd-button oxd-button--medium oxd-button--secondary orangehrm-left-space']]
2023-05-23 09:05:556 INFO  AddUserPage :87 - Verify the Result List[[ChromeDriver: chrome on WINDOWS (f27e0ac1844aa57d146a4f4db0a3add0)] -> xpath: //div[@class='orangehrm-paper-container']/div[2]/div[1]/span[1]]
2023-05-23 09:05:618 INFO  AddUserPage :96 - Click on CheckboxProxy element for: DefaultElementLocator 'By.xpath: //div[@class='oxd-table-card-cell-checkbox']//i[@class='oxd-icon bi-check oxd-checkbox-input-icon']'
2023-05-23 09:05:888 INFO  LoginPage :44 - Enter User Name : [[ChromeDriver: chrome on WINDOWS (9ae220f682b9888847dbb239ec9600f4)] -> xpath: //input[@placeholder='Username']]
2023-05-23 09:05:03 INFO  LoginPage :50 - Enter password : [[ChromeDriver: chrome on WINDOWS (9ae220f682b9888847dbb239ec9600f4)] -> xpath: //input[@placeholder='Password']]
2023-05-23 09:05:969 INFO  LoginPage :56 - Click on login Button
2023-05-23 09:05:266 INFO  ViewSystemUserPage :26 - Click on Admin[[ChromeDriver: chrome on WINDOWS (9ae220f682b9888847dbb239ec9600f4)] -> xpath: //a[@href='/web/index.php/admin/viewAdminModule']]
2023-05-23 09:05:742 INFO  ViewSystemUserPage :36 - Verify System User Text[[ChromeDriver: chrome on WINDOWS (9ae220f682b9888847dbb239ec9600f4)] -> xpath: //h5[@class='oxd-text oxd-text--h5 oxd-table-filter-title']]
2023-05-23 09:05:809 INFO  AddUserPage :24 - Enter Username[[ChromeDriver: chrome on WINDOWS (9ae220f682b9888847dbb239ec9600f4)] -> xpath: //div[@class='oxd-form-row']/div[1]/div[1]/div[1]/div[2]/input[1]]
2023-05-23 09:05:897 INFO  AddUserPage :38 - Select User Role[[ChromeDriver: chrome on WINDOWS (9ae220f682b9888847dbb239ec9600f4)] -> xpath: //div[@class='oxd-grid-4 orangehrm-full-width-grid']/div[2]/div/div[2]/div/div/div[2]/i]
2023-05-23 09:05:972 INFO  AddUserPage :41 - Select Admin[[ChromeDriver: chrome on WINDOWS (9ae220f682b9888847dbb239ec9600f4)] -> xpath: //*[@class='oxd-select-wrapper']//*[contains(text(),'Admin')]]
2023-05-23 09:05:97 INFO  ViewSystemUserPage :84 - Enter Employee name[[ChromeDriver: chrome on WINDOWS (9ae220f682b9888847dbb239ec9600f4)] -> xpath: //input[@placeholder='Type for hints...']]
2023-05-23 09:05:278 INFO  ViewSystemUserPage :87 - Enter Employee name1[[ChromeDriver: chrome on WINDOWS (9ae220f682b9888847dbb239ec9600f4)] -> xpath: //*[@class='oxd-autocomplete-wrapper']//*[contains(text(),'Goutam  Ganesh')]]
2023-05-23 09:05:367 INFO  AddUserPage :54 - Select Status[[ChromeDriver: chrome on WINDOWS (9ae220f682b9888847dbb239ec9600f4)] -> xpath: //div[@class='oxd-form-row']/div/div[4]/div/div[2]/div/div]
2023-05-23 09:05:464 INFO  AddUserPage :57 - Select Disable[[ChromeDriver: chrome on WINDOWS (9ae220f682b9888847dbb239ec9600f4)] -> xpath: //*[@class='oxd-select-wrapper']//*[contains(text(),'Disabled')]]
2023-05-23 09:05:550 INFO  AddUserPage :78 - Click on Search[[ChromeDriver: chrome on WINDOWS (9ae220f682b9888847dbb239ec9600f4)] -> xpath: //button[@class='oxd-button oxd-button--medium oxd-button--secondary orangehrm-left-space']]
2023-05-23 09:05:837 INFO  AddUserPage :149 - Verify The Text No Records Found[[ChromeDriver: chrome on WINDOWS (9ae220f682b9888847dbb239ec9600f4)] -> xpath: //div[@class='orangehrm-horizontal-padding orangehrm-vertical-padding']]
2023-05-23 10:05:379 INFO  LoginPage :44 - Enter User Name : [[ChromeDriver: chrome on WINDOWS (007b8f0917dda346f09677c5111d4043)] -> xpath: //input[@placeholder='Username']]
2023-05-23 10:05:543 INFO  LoginPage :50 - Enter password : [[ChromeDriver: chrome on WINDOWS (007b8f0917dda346f09677c5111d4043)] -> xpath: //input[@placeholder='Password']]
2023-05-23 10:05:700 INFO  LoginPage :56 - Click on login Button
2023-05-23 10:05:25 INFO  DashBoardPage :43 - Verify Dashboard text : [[ChromeDriver: chrome on WINDOWS (007b8f0917dda346f09677c5111d4043)] -> xpath: //a[@class='oxd-main-menu-item active']]
2023-05-23 10:05:225 INFO  LoginPage :44 - Enter User Name : [[ChromeDriver: chrome on WINDOWS (ce22863c52c01331e4bb95bf319d973c)] -> xpath: //input[@placeholder='Username']]
2023-05-23 10:05:327 INFO  LoginPage :50 - Enter password : [[ChromeDriver: chrome on WINDOWS (ce22863c52c01331e4bb95bf319d973c)] -> xpath: //input[@placeholder='Password']]
2023-05-23 10:05:350 INFO  LoginPage :56 - Click on login Button
2023-05-23 10:05:890 INFO  LoginPage :44 - Enter User Name : [[ChromeDriver: chrome on WINDOWS (e4ed390a11df02c8a031f73e26d1bfb1)] -> xpath: //input[@placeholder='Username']]
2023-05-23 10:05:998 INFO  LoginPage :50 - Enter password : [[ChromeDriver: chrome on WINDOWS (e4ed390a11df02c8a031f73e26d1bfb1)] -> xpath: //input[@placeholder='Password']]
2023-05-23 10:05:78 INFO  LoginPage :56 - Click on login Button
2023-05-23 10:05:455 INFO  DashBoardPage :49 - Click on User Profile logo
2023-05-23 10:05:724 INFO  DashBoardPage :55 - Mouse hoover on Logout
2023-05-23 10:05:355 INFO  LoginPage :44 - Enter User Name : [[ChromeDriver: chrome on WINDOWS (95237b062ff5f14e08a6dcf8177ce126)] -> xpath: //input[@placeholder='Username']]
2023-05-23 10:05:479 INFO  LoginPage :50 - Enter password : [[ChromeDriver: chrome on WINDOWS (95237b062ff5f14e08a6dcf8177ce126)] -> xpath: //input[@placeholder='Password']]
2023-05-23 10:05:552 INFO  LoginPage :56 - Click on login Button
2023-05-23 10:05:620 INFO  ViewSystemUserPage :26 - Click on Admin[[ChromeDriver: chrome on WINDOWS (95237b062ff5f14e08a6dcf8177ce126)] -> xpath: //a[@href='/web/index.php/admin/viewAdminModule']]
2023-05-23 10:05:116 INFO  ViewSystemUserPage :36 - Verify System User Text[[ChromeDriver: chrome on WINDOWS (95237b062ff5f14e08a6dcf8177ce126)] -> xpath: //h5[@class='oxd-text oxd-text--h5 oxd-table-filter-title']]
2023-05-23 10:05:154 INFO  ViewSystemUserPage :46 - Click on Add Button[[ChromeDriver: chrome on WINDOWS (95237b062ff5f14e08a6dcf8177ce126)] -> xpath: //button[@class='oxd-button oxd-button--medium oxd-button--secondary']]
2023-05-23 10:05:694 INFO  ViewSystemUserPage :55 - Verify Add User[[ChromeDriver: chrome on WINDOWS (95237b062ff5f14e08a6dcf8177ce126)] -> xpath: //h6[@class='oxd-text oxd-text--h6 orangehrm-main-title']]
2023-05-23 10:05:721 INFO  ViewSystemUserPage :68 - Select Admin [[ChromeDriver: chrome on WINDOWS (95237b062ff5f14e08a6dcf8177ce126)] -> xpath: //div[@class='oxd-form-row']/div[1]/div[1]/div[1]/div[2]/div[1]/div[1]/div[2]/i[1]]
2023-05-23 10:05:802 INFO  ViewSystemUserPage :71 - Click on Admin[[ChromeDriver: chrome on WINDOWS (95237b062ff5f14e08a6dcf8177ce126)] -> xpath: //*[@class='oxd-select-wrapper']//*[contains(text(),'Admin')]]
2023-05-23 10:05:911 INFO  ViewSystemUserPage :84 - Enter Employee name[[ChromeDriver: chrome on WINDOWS (95237b062ff5f14e08a6dcf8177ce126)] -> xpath: //input[@placeholder='Type for hints...']]
2023-05-23 10:05:74 INFO  ViewSystemUserPage :87 - Enter Employee name1[[ChromeDriver: chrome on WINDOWS (95237b062ff5f14e08a6dcf8177ce126)] -> xpath: //*[@class='oxd-autocomplete-wrapper']//*[contains(text(),'Goutam  Ganesh')]]
2023-05-23 10:05:207 INFO  ViewSystemUserPage :97 - Enter Username[[ChromeDriver: chrome on WINDOWS (95237b062ff5f14e08a6dcf8177ce126)] -> xpath: //div[@class='oxd-form-row']/div[1]/div[4]/div[1]/div[2]/input[1]]
2023-05-23 10:05:363 INFO  ViewSystemUserPage :114 - Select Status[[ChromeDriver: chrome on WINDOWS (95237b062ff5f14e08a6dcf8177ce126)] -> xpath: //body/div[@id='app']/div[1]/div[2]/div[2]/div[1]/div[1]/form[1]/div[1]/div[1]/div[3]/div[1]/div[2]/div[1]/div[1]]
2023-05-23 10:05:444 INFO  ViewSystemUserPage :117 - Select Disable[[ChromeDriver: chrome on WINDOWS (95237b062ff5f14e08a6dcf8177ce126)] -> css selector: body > div:nth-child(3) > div:nth-child(1) > div:nth-child(2) > div:nth-child(2) > div:nth-child(1) > div:nth-child(1) > form:nth-child(3) > div:nth-child(1) > div:nth-child(1) > div:nth-child(3) > div:nth-child(1) > div:nth-child(2) > div:nth-child(1) > div:nth-child(1) > div:nth-child(1)]
2023-05-23 10:05:541 INFO  ViewSystemUserPage :128 - Enter password[[ChromeDriver: chrome on WINDOWS (95237b062ff5f14e08a6dcf8177ce126)] -> xpath: //div[@class='orangehrm-card-container']/form[1]/div[2]/div[1]/div[1]/div[1]/div[2]/input[1]]
2023-05-23 10:05:725 INFO  ViewSystemUserPage :140 - Enter confirm password[[ChromeDriver: chrome on WINDOWS (95237b062ff5f14e08a6dcf8177ce126)] -> xpath: //div[@class='orangehrm-card-container']/form[1]/div[2]/div[1]/div[2]/div[1]/div[2]/input[1]]
2023-05-23 10:05:862 INFO  ViewSystemUserPage :150 - Click on Save button[[ChromeDriver: chrome on WINDOWS (95237b062ff5f14e08a6dcf8177ce126)] -> xpath: //button[@class='oxd-button oxd-button--medium oxd-button--secondary orangehrm-left-space']]
2023-05-23 10:05:712 INFO  LoginPage :44 - Enter User Name : [[ChromeDriver: chrome on WINDOWS (b3aa9a14518c4085d6abbe4df28fbe0e)] -> xpath: //input[@placeholder='Username']]
2023-05-23 10:05:825 INFO  LoginPage :50 - Enter password : [[ChromeDriver: chrome on WINDOWS (b3aa9a14518c4085d6abbe4df28fbe0e)] -> xpath: //input[@placeholder='Password']]
2023-05-23 10:05:906 INFO  LoginPage :56 - Click on login Button
2023-05-23 10:05:122 INFO  ViewSystemUserPage :26 - Click on Admin[[ChromeDriver: chrome on WINDOWS (b3aa9a14518c4085d6abbe4df28fbe0e)] -> xpath: //a[@href='/web/index.php/admin/viewAdminModule']]
2023-05-23 10:05:798 INFO  ViewSystemUserPage :36 - Verify System User Text[[ChromeDriver: chrome on WINDOWS (b3aa9a14518c4085d6abbe4df28fbe0e)] -> xpath: //h5[@class='oxd-text oxd-text--h5 oxd-table-filter-title']]
2023-05-23 10:05:868 INFO  AddUserPage :24 - Enter Username[[ChromeDriver: chrome on WINDOWS (b3aa9a14518c4085d6abbe4df28fbe0e)] -> xpath: //div[@class='oxd-form-row']/div[1]/div[1]/div[1]/div[2]/input[1]]
2023-05-23 10:05:953 INFO  AddUserPage :38 - Select User Role[[ChromeDriver: chrome on WINDOWS (b3aa9a14518c4085d6abbe4df28fbe0e)] -> xpath: //div[@class='oxd-grid-4 orangehrm-full-width-grid']/div[2]/div/div[2]/div/div/div[2]/i]
2023-05-23 10:05:123 INFO  AddUserPage :41 - Select Admin[[ChromeDriver: chrome on WINDOWS (b3aa9a14518c4085d6abbe4df28fbe0e)] -> xpath: //*[@class='oxd-select-wrapper']//*[contains(text(),'Admin')]]
2023-05-23 10:05:247 INFO  AddUserPage :54 - Select Status[[ChromeDriver: chrome on WINDOWS (b3aa9a14518c4085d6abbe4df28fbe0e)] -> xpath: //div[@class='oxd-form-row']/div/div[4]/div/div[2]/div/div]
2023-05-23 10:05:377 INFO  AddUserPage :57 - Select Disable[[ChromeDriver: chrome on WINDOWS (b3aa9a14518c4085d6abbe4df28fbe0e)] -> xpath: //*[@class='oxd-select-wrapper']//*[contains(text(),'Disabled')]]
2023-05-23 10:05:446 INFO  AddUserPage :78 - Click on Search[[ChromeDriver: chrome on WINDOWS (b3aa9a14518c4085d6abbe4df28fbe0e)] -> xpath: //button[@class='oxd-button oxd-button--medium oxd-button--secondary orangehrm-left-space']]
2023-05-23 10:05:714 INFO  AddUserPage :87 - Verify the Result List[[ChromeDriver: chrome on WINDOWS (b3aa9a14518c4085d6abbe4df28fbe0e)] -> xpath: //div[@class='orangehrm-paper-container']/div[2]/div[1]/span[1]]
2023-05-23 10:05:559 INFO  LoginPage :44 - Enter User Name : [[ChromeDriver: chrome on WINDOWS (d74965aa4abf89797e48ba040da2af5d)] -> xpath: //input[@placeholder='Username']]
2023-05-23 10:05:662 INFO  LoginPage :50 - Enter password : [[ChromeDriver: chrome on WINDOWS (d74965aa4abf89797e48ba040da2af5d)] -> xpath: //input[@placeholder='Password']]
2023-05-23 10:05:560 INFO  LoginPage :56 - Click on login Button
2023-05-23 10:05:843 INFO  ViewSystemUserPage :26 - Click on Admin[[ChromeDriver: chrome on WINDOWS (d74965aa4abf89797e48ba040da2af5d)] -> xpath: //a[@href='/web/index.php/admin/viewAdminModule']]
2023-05-23 10:05:490 INFO  ViewSystemUserPage :36 - Verify System User Text[[ChromeDriver: chrome on WINDOWS (d74965aa4abf89797e48ba040da2af5d)] -> xpath: //h5[@class='oxd-text oxd-text--h5 oxd-table-filter-title']]
2023-05-23 10:05:540 INFO  AddUserPage :24 - Enter Username[[ChromeDriver: chrome on WINDOWS (d74965aa4abf89797e48ba040da2af5d)] -> xpath: //div[@class='oxd-form-row']/div[1]/div[1]/div[1]/div[2]/input[1]]
2023-05-23 10:05:639 INFO  AddUserPage :38 - Select User Role[[ChromeDriver: chrome on WINDOWS (d74965aa4abf89797e48ba040da2af5d)] -> xpath: //div[@class='oxd-grid-4 orangehrm-full-width-grid']/div[2]/div/div[2]/div/div/div[2]/i]
2023-05-23 10:05:717 INFO  AddUserPage :41 - Select Admin[[ChromeDriver: chrome on WINDOWS (d74965aa4abf89797e48ba040da2af5d)] -> xpath: //*[@class='oxd-select-wrapper']//*[contains(text(),'Admin')]]
2023-05-23 10:05:812 INFO  ViewSystemUserPage :84 - Enter Employee name[[ChromeDriver: chrome on WINDOWS (d74965aa4abf89797e48ba040da2af5d)] -> xpath: //input[@placeholder='Type for hints...']]
2023-05-23 10:05:963 INFO  ViewSystemUserPage :87 - Enter Employee name1[[ChromeDriver: chrome on WINDOWS (d74965aa4abf89797e48ba040da2af5d)] -> xpath: //*[@class='oxd-autocomplete-wrapper']//*[contains(text(),'Goutam  Ganesh')]]
2023-05-23 10:05:88 INFO  AddUserPage :54 - Select Status[[ChromeDriver: chrome on WINDOWS (d74965aa4abf89797e48ba040da2af5d)] -> xpath: //div[@class='oxd-form-row']/div/div[4]/div/div[2]/div/div]
2023-05-23 10:05:205 INFO  AddUserPage :57 - Select Disable[[ChromeDriver: chrome on WINDOWS (d74965aa4abf89797e48ba040da2af5d)] -> xpath: //*[@class='oxd-select-wrapper']//*[contains(text(),'Disabled')]]
2023-05-23 10:05:301 INFO  AddUserPage :78 - Click on Search[[ChromeDriver: chrome on WINDOWS (d74965aa4abf89797e48ba040da2af5d)] -> xpath: //button[@class='oxd-button oxd-button--medium oxd-button--secondary orangehrm-left-space']]
2023-05-23 10:05:591 INFO  AddUserPage :87 - Verify the Result List[[ChromeDriver: chrome on WINDOWS (d74965aa4abf89797e48ba040da2af5d)] -> xpath: //div[@class='orangehrm-paper-container']/div[2]/div[1]/span[1]]
2023-05-23 10:05:686 INFO  AddUserPage :96 - Click on CheckboxProxy element for: DefaultElementLocator 'By.xpath: //div[@class='oxd-table-card-cell-checkbox']//i[@class='oxd-icon bi-check oxd-checkbox-input-icon']'
2023-05-23 10:05:39 INFO  LoginPage :44 - Enter User Name : [[ChromeDriver: chrome on WINDOWS (caded392cac6674357ad5642eb4b9967)] -> xpath: //input[@placeholder='Username']]
2023-05-23 10:05:147 INFO  LoginPage :50 - Enter password : [[ChromeDriver: chrome on WINDOWS (caded392cac6674357ad5642eb4b9967)] -> xpath: //input[@placeholder='Password']]
2023-05-23 10:05:113 INFO  LoginPage :56 - Click on login Button
2023-05-23 10:05:357 INFO  ViewSystemUserPage :26 - Click on Admin[[ChromeDriver: chrome on WINDOWS (caded392cac6674357ad5642eb4b9967)] -> xpath: //a[@href='/web/index.php/admin/viewAdminModule']]
2023-05-23 10:05:902 INFO  ViewSystemUserPage :36 - Verify System User Text[[ChromeDriver: chrome on WINDOWS (caded392cac6674357ad5642eb4b9967)] -> xpath: //h5[@class='oxd-text oxd-text--h5 oxd-table-filter-title']]
2023-05-23 10:05:945 INFO  AddUserPage :24 - Enter Username[[ChromeDriver: chrome on WINDOWS (caded392cac6674357ad5642eb4b9967)] -> xpath: //div[@class='oxd-form-row']/div[1]/div[1]/div[1]/div[2]/input[1]]
2023-05-23 10:05:31 INFO  AddUserPage :38 - Select User Role[[ChromeDriver: chrome on WINDOWS (caded392cac6674357ad5642eb4b9967)] -> xpath: //div[@class='oxd-grid-4 orangehrm-full-width-grid']/div[2]/div/div[2]/div/div/div[2]/i]
2023-05-23 10:05:107 INFO  AddUserPage :41 - Select Admin[[ChromeDriver: chrome on WINDOWS (caded392cac6674357ad5642eb4b9967)] -> xpath: //*[@class='oxd-select-wrapper']//*[contains(text(),'Admin')]]
2023-05-23 10:05:231 INFO  ViewSystemUserPage :84 - Enter Employee name[[ChromeDriver: chrome on WINDOWS (caded392cac6674357ad5642eb4b9967)] -> xpath: //input[@placeholder='Type for hints...']]
2023-05-23 10:05:394 INFO  ViewSystemUserPage :87 - Enter Employee name1[[ChromeDriver: chrome on WINDOWS (caded392cac6674357ad5642eb4b9967)] -> xpath: //*[@class='oxd-autocomplete-wrapper']//*[contains(text(),'Goutam  Ganesh')]]
2023-05-23 10:05:547 INFO  AddUserPage :54 - Select Status[[ChromeDriver: chrome on WINDOWS (caded392cac6674357ad5642eb4b9967)] -> xpath: //div[@class='oxd-form-row']/div/div[4]/div/div[2]/div/div]
2023-05-23 10:05:633 INFO  AddUserPage :57 - Select Disable[[ChromeDriver: chrome on WINDOWS (caded392cac6674357ad5642eb4b9967)] -> xpath: //*[@class='oxd-select-wrapper']//*[contains(text(),'Disabled')]]
2023-05-23 10:05:707 INFO  AddUserPage :78 - Click on Search[[ChromeDriver: chrome on WINDOWS (caded392cac6674357ad5642eb4b9967)] -> xpath: //button[@class='oxd-button oxd-button--medium oxd-button--secondary orangehrm-left-space']]
2023-05-23 10:05:67 INFO  AddUserPage :149 - Verify The Text No Records Found[[ChromeDriver: chrome on WINDOWS (caded392cac6674357ad5642eb4b9967)] -> xpath: //div[@class='orangehrm-horizontal-padding orangehrm-vertical-padding']]
